2010-11-24 01:47:38,204 [main] INFO (AbstractApplicationContext.java:411) ­ Refreshing org.springframework.context.support.ClassPathXmlApplicationContext@58a17083: display name [org.springframework.context.support.ClassPathXmlApplicationContext@58a17083]; startup date [Wed Nov 24 01:47:38 SGT 2010]; root of context hierarchy
2010-11-24 01:47:38,531 [main] INFO (XmlBeanDefinitionReader.java:323) ­ Loading XML bean definitions from class path resource [applicationContext.xml]
2010-11-24 01:47:39,480 [main] INFO (XmlBeanDefinitionReader.java:323) ­ Loading XML bean definitions from class path resource [serverContext.xml]
2010-11-24 02:12:41,311 [main] INFO (AbstractApplicationContext.java:411) ­ Refreshing org.springframework.context.support.ClassPathXmlApplicationContext@4ee1d5ea: display name [org.springframework.context.support.ClassPathXmlApplicationContext@4ee1d5ea]; startup date [Wed Nov 24 02:12:41 SGT 2010]; root of context hierarchy
2010-11-24 02:12:43,447 [main] INFO (XmlBeanDefinitionReader.java:323) ­ Loading XML bean definitions from class path resource [applicationContext.xml]
2010-11-24 02:12:57,382 [main] INFO (XmlBeanDefinitionReader.java:323) ­ Loading XML bean definitions from class path resource [serverContext.xml]
2010-11-24 02:12:57,600 [main] INFO (AbstractApplicationContext.java:426) ­ Bean factory for application context [org.springframework.context.support.ClassPathXmlApplicationContext@4ee1d5ea]: org.springframework.beans.factory.support.DefaultListableBeanFactory@16a9255c
2010-11-24 02:12:58,981 [main] INFO (PropertiesLoaderSupport.java:178) ­ Loading properties file from class path resource [jdbc.properties]
2010-11-24 02:12:59,295 [main] INFO (DefaultSingletonBeanRegistry.java:421) ­ Destroying singletons in org.springframework.beans.factory.support.DefaultListableBeanFactory@16a9255c: defining beans [org.springframework.beans.factory.config.PropertyPlaceholderConfigurer#0,menuDao,personDao,productDao,purchaseDao,roleDao,salesDao,personService,productService,purchaseService,reportService,salesService,securityService,org.springframework.context.annotation.internalPersistenceAnnotationProcessor,org.springframework.context.annotation.internalCommonAnnotationProcessor,org.springframework.context.annotation.internalAutowiredAnnotationProcessor,org.springframework.context.annotation.internalRequiredAnnotationProcessor,org.springframework.aop.config.internalAutoProxyCreator,org.springframework.transaction.annotation.AnnotationTransactionAttributeSource#0,org.springframework.transaction.interceptor.TransactionInterceptor#0,org.springframework.transaction.config.internalTransactionAdvisor,dataSource,sessionFactory,transactionManager,org.springframework.beans.factory.config.PropertyPlaceholderConfigurer#1,org.springframework.remoting.support.SimpleHttpServerFactoryBean#0,personServiceHttpInvoker,productServiceHttpInvoker,purchaseServiceHttpInvoker,reportServiceHttpInvoker,salesServiceHttpInvoker,securityServiceHttpInvoker]; root of factory hierarchy
2010-11-24 02:17:27,878 [main] INFO (AbstractApplicationContext.java:411) ­ Refreshing org.springframework.context.support.ClassPathXmlApplicationContext@58a17083: display name [org.springframework.context.support.ClassPathXmlApplicationContext@58a17083]; startup date [Wed Nov 24 02:17:27 SGT 2010]; root of context hierarchy
2010-11-24 02:17:28,315 [main] INFO (XmlBeanDefinitionReader.java:323) ­ Loading XML bean definitions from class path resource [applicationContext.xml]
2010-11-24 02:17:31,488 [main] INFO (XmlBeanDefinitionReader.java:323) ­ Loading XML bean definitions from class path resource [serverContext.xml]
2010-11-24 02:17:33,173 [main] INFO (AbstractApplicationContext.java:426) ­ Bean factory for application context [org.springframework.context.support.ClassPathXmlApplicationContext@58a17083]: org.springframework.beans.factory.support.DefaultListableBeanFactory@5090d8ea
2010-11-24 02:17:33,915 [main] INFO (PropertiesLoaderSupport.java:178) ­ Loading properties file from class path resource [jdbc.properties]
2010-11-24 02:17:33,953 [main] INFO (DefaultSingletonBeanRegistry.java:421) ­ Destroying singletons in org.springframework.beans.factory.support.DefaultListableBeanFactory@5090d8ea: defining beans [org.springframework.beans.factory.config.PropertyPlaceholderConfigurer#0,menuDao,personDao,productDao,purchaseDao,roleDao,salesDao,personService,productService,purchaseService,reportService,salesService,securityService,org.springframework.context.annotation.internalPersistenceAnnotationProcessor,org.springframework.context.annotation.internalCommonAnnotationProcessor,org.springframework.context.annotation.internalAutowiredAnnotationProcessor,org.springframework.context.annotation.internalRequiredAnnotationProcessor,org.springframework.aop.config.internalAutoProxyCreator,org.springframework.transaction.annotation.AnnotationTransactionAttributeSource#0,org.springframework.transaction.interceptor.TransactionInterceptor#0,org.springframework.transaction.config.internalTransactionAdvisor,dataSource,sessionFactory,transactionManager,org.springframework.beans.factory.config.PropertyPlaceholderConfigurer#1,org.springframework.remoting.support.SimpleHttpServerFactoryBean#0,personServiceHttpInvoker,productServiceHttpInvoker,purchaseServiceHttpInvoker,reportServiceHttpInvoker,salesServiceHttpInvoker,securityServiceHttpInvoker]; root of factory hierarchy
2010-11-24 02:23:08,532 [AWT-EventQueue-0] INFO (AbstractApplicationContext.java:411) ­ Refreshing org.springframework.context.support.ClassPathXmlApplicationContext@7f2ad19e: display name [org.springframework.context.support.ClassPathXmlApplicationContext@7f2ad19e]; startup date [Wed Nov 24 02:23:08 SGT 2010]; root of context hierarchy
2010-11-24 02:23:08,853 [AWT-EventQueue-0] INFO (XmlBeanDefinitionReader.java:323) ­ Loading XML bean definitions from class path resource [clientContext.xml]
2010-11-24 02:23:10,769 [AWT-EventQueue-0] INFO (DefaultListableBeanFactory.java:467) ­ Overriding bean definition for bean 'personService': replacing [Generic bean: class [com.googlecode.projecttemplate.pos.service.impl.PersonServiceImpl]; scope=singleton; abstract=false; lazyInit=false; autowireMode=0; dependencyCheck=0; autowireCandidate=true; primary=false; factoryBeanName=null; factoryMethodName=null; initMethodName=null; destroyMethodName=null; defined in file [/Users/ifnu/NetBeansProjects/project-template/java-desktop-book/code/build/classes/com/googlecode/projecttemplate/pos/service/impl/PersonServiceImpl.class]] with [Generic bean: class [org.springframework.remoting.httpinvoker.HttpInvokerProxyFactoryBean]; scope=singleton; abstract=false; lazyInit=false; autowireMode=0; dependencyCheck=0; autowireCandidate=true; primary=false; factoryBeanName=null; factoryMethodName=null; initMethodName=null; destroyMethodName=null; defined in class path resource [clientContext.xml]]
2010-11-24 02:23:10,771 [AWT-EventQueue-0] INFO (DefaultListableBeanFactory.java:467) ­ Overriding bean definition for bean 'productService': replacing [Generic bean: class [com.googlecode.projecttemplate.pos.service.impl.ProductServiceImpl]; scope=singleton; abstract=false; lazyInit=false; autowireMode=0; dependencyCheck=0; autowireCandidate=true; primary=false; factoryBeanName=null; factoryMethodName=null; initMethodName=null; destroyMethodName=null; defined in file [/Users/ifnu/NetBeansProjects/project-template/java-desktop-book/code/build/classes/com/googlecode/projecttemplate/pos/service/impl/ProductServiceImpl.class]] with [Generic bean: class [org.springframework.remoting.httpinvoker.HttpInvokerProxyFactoryBean]; scope=singleton; abstract=false; lazyInit=false; autowireMode=0; dependencyCheck=0; autowireCandidate=true; primary=false; factoryBeanName=null; factoryMethodName=null; initMethodName=null; destroyMethodName=null; defined in class path resource [clientContext.xml]]
2010-11-24 02:23:10,772 [AWT-EventQueue-0] INFO (DefaultListableBeanFactory.java:467) ­ Overriding bean definition for bean 'purchaseService': replacing [Generic bean: class [com.googlecode.projecttemplate.pos.service.impl.PurchaseServiceImpl]; scope=singleton; abstract=false; lazyInit=false; autowireMode=0; dependencyCheck=0; autowireCandidate=true; primary=false; factoryBeanName=null; factoryMethodName=null; initMethodName=null; destroyMethodName=null; defined in file [/Users/ifnu/NetBeansProjects/project-template/java-desktop-book/code/build/classes/com/googlecode/projecttemplate/pos/service/impl/PurchaseServiceImpl.class]] with [Generic bean: class [org.springframework.remoting.httpinvoker.HttpInvokerProxyFactoryBean]; scope=singleton; abstract=false; lazyInit=false; autowireMode=0; dependencyCheck=0; autowireCandidate=true; primary=false; factoryBeanName=null; factoryMethodName=null; initMethodName=null; destroyMethodName=null; defined in class path resource [clientContext.xml]]
2010-11-24 02:23:10,773 [AWT-EventQueue-0] INFO (DefaultListableBeanFactory.java:467) ­ Overriding bean definition for bean 'reportService': replacing [Generic bean: class [com.googlecode.projecttemplate.pos.service.impl.ReportServiceImpl]; scope=singleton; abstract=false; lazyInit=false; autowireMode=0; dependencyCheck=0; autowireCandidate=true; primary=false; factoryBeanName=null; factoryMethodName=null; initMethodName=null; destroyMethodName=null; defined in file [/Users/ifnu/NetBeansProjects/project-template/java-desktop-book/code/build/classes/com/googlecode/projecttemplate/pos/service/impl/ReportServiceImpl.class]] with [Generic bean: class [org.springframework.remoting.httpinvoker.HttpInvokerProxyFactoryBean]; scope=singleton; abstract=false; lazyInit=false; autowireMode=0; dependencyCheck=0; autowireCandidate=true; primary=false; factoryBeanName=null; factoryMethodName=null; initMethodName=null; destroyMethodName=null; defined in class path resource [clientContext.xml]]
2010-11-24 02:23:10,774 [AWT-EventQueue-0] INFO (DefaultListableBeanFactory.java:467) ­ Overriding bean definition for bean 'salesService': replacing [Generic bean: class [com.googlecode.projecttemplate.pos.service.impl.SalesServiceImpl]; scope=singleton; abstract=false; lazyInit=false; autowireMode=0; dependencyCheck=0; autowireCandidate=true; primary=false; factoryBeanName=null; factoryMethodName=null; initMethodName=null; destroyMethodName=null; defined in file [/Users/ifnu/NetBeansProjects/project-template/java-desktop-book/code/build/classes/com/googlecode/projecttemplate/pos/service/impl/SalesServiceImpl.class]] with [Generic bean: class [org.springframework.remoting.httpinvoker.HttpInvokerProxyFactoryBean]; scope=singleton; abstract=false; lazyInit=false; autowireMode=0; dependencyCheck=0; autowireCandidate=true; primary=false; factoryBeanName=null; factoryMethodName=null; initMethodName=null; destroyMethodName=null; defined in class path resource [clientContext.xml]]
2010-11-24 02:23:10,775 [AWT-EventQueue-0] INFO (DefaultListableBeanFactory.java:467) ­ Overriding bean definition for bean 'securityService': replacing [Generic bean: class [com.googlecode.projecttemplate.pos.service.impl.SecurityServiceImpl]; scope=singleton; abstract=false; lazyInit=false; autowireMode=0; dependencyCheck=0; autowireCandidate=true; primary=false; factoryBeanName=null; factoryMethodName=null; initMethodName=null; destroyMethodName=null; defined in file [/Users/ifnu/NetBeansProjects/project-template/java-desktop-book/code/build/classes/com/googlecode/projecttemplate/pos/service/impl/SecurityServiceImpl.class]] with [Generic bean: class [org.springframework.remoting.httpinvoker.HttpInvokerProxyFactoryBean]; scope=singleton; abstract=false; lazyInit=false; autowireMode=0; dependencyCheck=0; autowireCandidate=true; primary=false; factoryBeanName=null; factoryMethodName=null; initMethodName=null; destroyMethodName=null; defined in class path resource [clientContext.xml]]
2010-11-24 02:23:10,776 [AWT-EventQueue-0] INFO (AbstractApplicationContext.java:426) ­ Bean factory for application context [org.springframework.context.support.ClassPathXmlApplicationContext@7f2ad19e]: org.springframework.beans.factory.support.DefaultListableBeanFactory@4f2b6c89
2010-11-24 02:23:10,819 [AWT-EventQueue-0] INFO (PropertiesLoaderSupport.java:178) ­ Loading properties file from class path resource [server.properties]
2010-11-24 02:23:11,018 [AWT-EventQueue-0] INFO (DefaultListableBeanFactory.java:414) ­ Pre-instantiating singletons in org.springframework.beans.factory.support.DefaultListableBeanFactory@4f2b6c89: defining beans [org.springframework.beans.factory.config.PropertyPlaceholderConfigurer#0,menuDao,personDao,productDao,purchaseDao,roleDao,salesDao,personService,productService,purchaseService,reportService,salesService,securityService,org.springframework.context.annotation.internalPersistenceAnnotationProcessor,org.springframework.context.annotation.internalCommonAnnotationProcessor,org.springframework.context.annotation.internalAutowiredAnnotationProcessor,org.springframework.context.annotation.internalRequiredAnnotationProcessor]; root of factory hierarchy
2010-11-24 02:23:11,342 [AWT-EventQueue-0] INFO (DefaultSingletonBeanRegistry.java:421) ­ Destroying singletons in org.springframework.beans.factory.support.DefaultListableBeanFactory@4f2b6c89: defining beans [org.springframework.beans.factory.config.PropertyPlaceholderConfigurer#0,menuDao,personDao,productDao,purchaseDao,roleDao,salesDao,personService,productService,purchaseService,reportService,salesService,securityService,org.springframework.context.annotation.internalPersistenceAnnotationProcessor,org.springframework.context.annotation.internalCommonAnnotationProcessor,org.springframework.context.annotation.internalAutowiredAnnotationProcessor,org.springframework.context.annotation.internalRequiredAnnotationProcessor]; root of factory hierarchy
2010-11-24 02:23:47,603 [main] INFO (AbstractApplicationContext.java:411) ­ Refreshing org.springframework.context.support.ClassPathXmlApplicationContext@acfec48: display name [org.springframework.context.support.ClassPathXmlApplicationContext@acfec48]; startup date [Wed Nov 24 02:23:47 SGT 2010]; root of context hierarchy
2010-11-24 02:23:47,707 [main] INFO (XmlBeanDefinitionReader.java:323) ­ Loading XML bean definitions from class path resource [applicationContext.xml]
2010-11-24 02:23:48,445 [main] INFO (XmlBeanDefinitionReader.java:323) ­ Loading XML bean definitions from class path resource [serverContext.xml]
2010-11-24 02:23:48,612 [main] INFO (AbstractApplicationContext.java:426) ­ Bean factory for application context [org.springframework.context.support.ClassPathXmlApplicationContext@acfec48]: org.springframework.beans.factory.support.DefaultListableBeanFactory@579d75ee
2010-11-24 02:23:48,708 [main] INFO (PropertiesLoaderSupport.java:178) ­ Loading properties file from class path resource [jdbc.properties]
2010-11-24 02:23:48,724 [main] INFO (DefaultSingletonBeanRegistry.java:421) ­ Destroying singletons in org.springframework.beans.factory.support.DefaultListableBeanFactory@579d75ee: defining beans [org.springframework.beans.factory.config.PropertyPlaceholderConfigurer#0,menuDao,personDao,productDao,purchaseDao,roleDao,salesDao,personService,productService,purchaseService,reportService,salesService,securityService,org.springframework.context.annotation.internalPersistenceAnnotationProcessor,org.springframework.context.annotation.internalCommonAnnotationProcessor,org.springframework.context.annotation.internalAutowiredAnnotationProcessor,org.springframework.context.annotation.internalRequiredAnnotationProcessor,org.springframework.aop.config.internalAutoProxyCreator,org.springframework.transaction.annotation.AnnotationTransactionAttributeSource#0,org.springframework.transaction.interceptor.TransactionInterceptor#0,org.springframework.transaction.config.internalTransactionAdvisor,dataSource,sessionFactory,transactionManager,org.springframework.beans.factory.config.PropertyPlaceholderConfigurer#1,org.springframework.remoting.support.SimpleHttpServerFactoryBean#0,personServiceHttpInvoker,productServiceHttpInvoker,purchaseServiceHttpInvoker,reportServiceHttpInvoker,salesServiceHttpInvoker,securityServiceHttpInvoker]; root of factory hierarchy
2010-11-24 02:24:17,383 [main] INFO (AbstractApplicationContext.java:411) ­ Refreshing org.springframework.context.support.ClassPathXmlApplicationContext@58a17083: display name [org.springframework.context.support.ClassPathXmlApplicationContext@58a17083]; startup date [Wed Nov 24 02:24:17 SGT 2010]; root of context hierarchy
2010-11-24 02:24:17,511 [main] INFO (XmlBeanDefinitionReader.java:323) ­ Loading XML bean definitions from class path resource [applicationContext.xml]
2010-11-24 02:24:18,194 [main] INFO (XmlBeanDefinitionReader.java:323) ­ Loading XML bean definitions from class path resource [serverContext.xml]
2010-11-24 02:24:18,344 [main] INFO (AbstractApplicationContext.java:426) ­ Bean factory for application context [org.springframework.context.support.ClassPathXmlApplicationContext@58a17083]: org.springframework.beans.factory.support.DefaultListableBeanFactory@579d75ee
2010-11-24 02:24:18,404 [main] INFO (PropertiesLoaderSupport.java:178) ­ Loading properties file from class path resource [jdbc.properties]
2010-11-24 02:24:18,436 [main] INFO (DefaultSingletonBeanRegistry.java:421) ­ Destroying singletons in org.springframework.beans.factory.support.DefaultListableBeanFactory@579d75ee: defining beans [org.springframework.beans.factory.config.PropertyPlaceholderConfigurer#0,menuDao,personDao,productDao,purchaseDao,roleDao,salesDao,personService,productService,purchaseService,reportService,salesService,securityService,org.springframework.context.annotation.internalPersistenceAnnotationProcessor,org.springframework.context.annotation.internalCommonAnnotationProcessor,org.springframework.context.annotation.internalAutowiredAnnotationProcessor,org.springframework.context.annotation.internalRequiredAnnotationProcessor,org.springframework.aop.config.internalAutoProxyCreator,org.springframework.transaction.annotation.AnnotationTransactionAttributeSource#0,org.springframework.transaction.interceptor.TransactionInterceptor#0,org.springframework.transaction.config.internalTransactionAdvisor,dataSource,sessionFactory,transactionManager,org.springframework.beans.factory.config.PropertyPlaceholderConfigurer#1,org.springframework.remoting.support.SimpleHttpServerFactoryBean#0,personServiceHttpInvoker,productServiceHttpInvoker,purchaseServiceHttpInvoker,reportServiceHttpInvoker,salesServiceHttpInvoker,securityServiceHttpInvoker]; root of factory hierarchy
2010-11-24 02:24:37,891 [main] INFO (AbstractApplicationContext.java:411) ­ Refreshing org.springframework.context.support.ClassPathXmlApplicationContext@58a17083: display name [org.springframework.context.support.ClassPathXmlApplicationContext@58a17083]; startup date [Wed Nov 24 02:24:37 SGT 2010]; root of context hierarchy
2010-11-24 02:24:38,025 [main] INFO (XmlBeanDefinitionReader.java:323) ­ Loading XML bean definitions from class path resource [applicationContext.xml]
2010-11-24 02:24:38,807 [main] INFO (XmlBeanDefinitionReader.java:323) ­ Loading XML bean definitions from class path resource [serverContext.xml]
2010-11-24 02:24:39,001 [main] INFO (AbstractApplicationContext.java:426) ­ Bean factory for application context [org.springframework.context.support.ClassPathXmlApplicationContext@58a17083]: org.springframework.beans.factory.support.DefaultListableBeanFactory@579d75ee
2010-11-24 02:24:39,066 [main] INFO (PropertiesLoaderSupport.java:178) ­ Loading properties file from class path resource [jdbc.properties]
2010-11-24 02:24:39,098 [main] INFO (DefaultSingletonBeanRegistry.java:421) ­ Destroying singletons in org.springframework.beans.factory.support.DefaultListableBeanFactory@579d75ee: defining beans [org.springframework.beans.factory.config.PropertyPlaceholderConfigurer#0,menuDao,personDao,productDao,purchaseDao,roleDao,salesDao,personService,productService,purchaseService,reportService,salesService,securityService,org.springframework.context.annotation.internalPersistenceAnnotationProcessor,org.springframework.context.annotation.internalCommonAnnotationProcessor,org.springframework.context.annotation.internalAutowiredAnnotationProcessor,org.springframework.context.annotation.internalRequiredAnnotationProcessor,org.springframework.aop.config.internalAutoProxyCreator,org.springframework.transaction.annotation.AnnotationTransactionAttributeSource#0,org.springframework.transaction.interceptor.TransactionInterceptor#0,org.springframework.transaction.config.internalTransactionAdvisor,dataSource,sessionFactory,transactionManager,org.springframework.beans.factory.config.PropertyPlaceholderConfigurer#1,org.springframework.remoting.support.SimpleHttpServerFactoryBean#0,personServiceHttpInvoker,productServiceHttpInvoker,purchaseServiceHttpInvoker,reportServiceHttpInvoker,salesServiceHttpInvoker,securityServiceHttpInvoker]; root of factory hierarchy
2010-11-24 02:25:18,267 [main] INFO (AbstractApplicationContext.java:411) ­ Refreshing org.springframework.context.support.ClassPathXmlApplicationContext@4ee1d5ea: display name [org.springframework.context.support.ClassPathXmlApplicationContext@4ee1d5ea]; startup date [Wed Nov 24 02:25:18 SGT 2010]; root of context hierarchy
2010-11-24 02:25:18,436 [main] INFO (XmlBeanDefinitionReader.java:323) ­ Loading XML bean definitions from class path resource [applicationContext.xml]
2010-11-24 02:25:19,025 [main] INFO (XmlBeanDefinitionReader.java:323) ­ Loading XML bean definitions from class path resource [serverContext.xml]
2010-11-24 02:25:19,174 [main] INFO (AbstractApplicationContext.java:426) ­ Bean factory for application context [org.springframework.context.support.ClassPathXmlApplicationContext@4ee1d5ea]: org.springframework.beans.factory.support.DefaultListableBeanFactory@286e4365
2010-11-24 02:25:19,265 [main] INFO (PropertiesLoaderSupport.java:178) ­ Loading properties file from class path resource [jdbc.properties]
2010-11-24 02:25:19,371 [main] INFO (PropertiesLoaderSupport.java:178) ­ Loading properties file from class path resource [server.properties]
2010-11-24 02:25:19,428 [main] INFO (DefaultListableBeanFactory.java:414) ­ Pre-instantiating singletons in org.springframework.beans.factory.support.DefaultListableBeanFactory@286e4365: defining beans [org.springframework.beans.factory.config.PropertyPlaceholderConfigurer#0,menuDao,personDao,productDao,purchaseDao,roleDao,salesDao,personService,productService,purchaseService,reportService,salesService,securityService,org.springframework.context.annotation.internalPersistenceAnnotationProcessor,org.springframework.context.annotation.internalCommonAnnotationProcessor,org.springframework.context.annotation.internalAutowiredAnnotationProcessor,org.springframework.context.annotation.internalRequiredAnnotationProcessor,org.springframework.aop.config.internalAutoProxyCreator,org.springframework.transaction.annotation.AnnotationTransactionAttributeSource#0,org.springframework.transaction.interceptor.TransactionInterceptor#0,org.springframework.transaction.config.internalTransactionAdvisor,dataSource,sessionFactory,transactionManager,org.springframework.beans.factory.config.PropertyPlaceholderConfigurer#1,org.springframework.remoting.support.SimpleHttpServerFactoryBean#0,personServiceHttpInvoker,productServiceHttpInvoker,purchaseServiceHttpInvoker,reportServiceHttpInvoker,salesServiceHttpInvoker,securityServiceHttpInvoker]; root of factory hierarchy
2010-11-24 02:25:19,681 [main] INFO (DriverManagerDataSource.java:155) ­ Loaded JDBC driver: com.mysql.jdbc.Driver
2010-11-24 02:25:19,764 [main] INFO (Version.java:15) ­ Hibernate Annotations 3.3.1.GA
2010-11-24 02:25:19,772 [main] INFO (Environment.java:514) ­ Hibernate 3.2.5
2010-11-24 02:25:19,778 [main] INFO (Environment.java:547) ­ hibernate.properties not found
2010-11-24 02:25:19,888 [main] INFO (Environment.java:681) ­ Bytecode provider name : cglib
2010-11-24 02:25:19,915 [main] INFO (Environment.java:598) ­ using JDK 1.4 java.sql.Timestamp handling
2010-11-24 02:25:20,004 [main] INFO (Configuration.java:1441) ­ configuring from url: file:/Users/ifnu/NetBeansProjects/project-template/java-desktop-book/code/build/classes/hibernate.cfg.xml
2010-11-24 02:25:20,442 [main] INFO (Configuration.java:1541) ­ Configured SessionFactory: null
2010-11-24 02:25:20,528 [main] INFO (AnnotationBinder.java:418) ­ Binding entity from annotated class: com.googlecode.projecttemplate.pos.model.Person
2010-11-24 02:25:20,571 [main] INFO (EntityBinder.java:424) ­ Bind entity com.googlecode.projecttemplate.pos.model.Person on table T_PERSON
2010-11-24 02:25:20,957 [main] INFO (AnnotationBinder.java:418) ­ Binding entity from annotated class: com.googlecode.projecttemplate.pos.model.Customer
2010-11-24 02:25:20,957 [main] INFO (EntityBinder.java:424) ­ Bind entity com.googlecode.projecttemplate.pos.model.Customer on table T_CUSTOMER
2010-11-24 02:25:21,089 [main] INFO (AnnotationBinder.java:418) ­ Binding entity from annotated class: com.googlecode.projecttemplate.pos.model.MemberCustomer
2010-11-24 02:25:21,090 [main] INFO (EntityBinder.java:424) ­ Bind entity com.googlecode.projecttemplate.pos.model.MemberCustomer on table T_MEMBER_CUSTOMER
2010-11-24 02:25:21,101 [main] INFO (AnnotationBinder.java:418) ­ Binding entity from annotated class: com.googlecode.projecttemplate.pos.model.Menu
2010-11-24 02:25:21,101 [main] INFO (EntityBinder.java:424) ­ Bind entity com.googlecode.projecttemplate.pos.model.Menu on table T_MENU
2010-11-24 02:25:21,103 [main] INFO (AnnotationBinder.java:418) ­ Binding entity from annotated class: com.googlecode.projecttemplate.pos.model.Product
2010-11-24 02:25:21,104 [main] INFO (EntityBinder.java:424) ­ Bind entity com.googlecode.projecttemplate.pos.model.Product on table T_PRODUCT
2010-11-24 02:25:21,107 [main] INFO (AnnotationBinder.java:418) ­ Binding entity from annotated class: com.googlecode.projecttemplate.pos.model.Purchase
2010-11-24 02:25:21,107 [main] INFO (EntityBinder.java:424) ­ Bind entity com.googlecode.projecttemplate.pos.model.Purchase on table T_PURCHASE
2010-11-24 02:25:21,114 [main] INFO (AnnotationBinder.java:418) ­ Binding entity from annotated class: com.googlecode.projecttemplate.pos.model.PurchaseDetail
2010-11-24 02:25:21,115 [main] INFO (EntityBinder.java:424) ­ Bind entity com.googlecode.projecttemplate.pos.model.PurchaseDetail on table T_PURCHASE_DETAIL
2010-11-24 02:25:21,131 [main] INFO (AnnotationBinder.java:418) ­ Binding entity from annotated class: com.googlecode.projecttemplate.pos.model.Role
2010-11-24 02:25:21,131 [main] INFO (EntityBinder.java:424) ­ Bind entity com.googlecode.projecttemplate.pos.model.Role on table T_ROLE
2010-11-24 02:25:21,137 [main] INFO (AnnotationBinder.java:418) ­ Binding entity from annotated class: com.googlecode.projecttemplate.pos.model.Sales
2010-11-24 02:25:21,138 [main] INFO (EntityBinder.java:424) ­ Bind entity com.googlecode.projecttemplate.pos.model.Sales on table T_SALES
2010-11-24 02:25:21,140 [main] INFO (AnnotationBinder.java:418) ­ Binding entity from annotated class: com.googlecode.projecttemplate.pos.model.SalesDetail
2010-11-24 02:25:21,141 [main] INFO (EntityBinder.java:424) ­ Bind entity com.googlecode.projecttemplate.pos.model.SalesDetail on table T_SALES_DETAIL
2010-11-24 02:25:21,302 [main] INFO (CollectionBinder.java:651) ­ Mapping collection: com.googlecode.projecttemplate.pos.model.Purchase.purchaseDetail -> T_PURCHASE_DETAIL
2010-11-24 02:25:21,302 [main] INFO (CollectionBinder.java:651) ­ Mapping collection: com.googlecode.projecttemplate.pos.model.Sales.salesDetails -> T_SALES_DETAIL
2010-11-24 02:25:21,305 [main] INFO (AnnotationConfiguration.java:365) ­ Hibernate Validator not found: ignoring
2010-11-24 02:25:21,305 [main] INFO (LocalSessionFactoryBean.java:730) ­ Building new Hibernate SessionFactory
2010-11-24 02:25:21,336 [main] INFO (ConnectionProviderFactory.java:72) ­ Initializing connection provider: org.springframework.orm.hibernate3.LocalDataSourceConnectionProvider
2010-11-24 02:25:24,270 [main] INFO (SettingsFactory.java:89) ­ RDBMS: MySQL, version: 5.1.52
2010-11-24 02:25:24,270 [main] INFO (SettingsFactory.java:90) ­ JDBC driver: MySQL-AB JDBC Driver, version: mysql-connector-java-5.1.6 ( Revision: ${svn.Revision} )
2010-11-24 02:25:24,285 [main] INFO (Dialect.java:152) ­ Using dialect: org.hibernate.dialect.MySQLInnoDBDialect
2010-11-24 02:25:24,288 [main] INFO (TransactionFactoryFactory.java:34) ­ Transaction strategy: org.springframework.orm.hibernate3.SpringTransactionFactory
2010-11-24 02:25:24,290 [main] INFO (TransactionManagerLookupFactory.java:33) ­ No TransactionManagerLookup configured (in JTA environment, use of read-write or transactional second-level cache is not recommended)
2010-11-24 02:25:24,291 [main] INFO (SettingsFactory.java:143) ­ Automatic flush during beforeCompletion(): disabled
2010-11-24 02:25:24,291 [main] INFO (SettingsFactory.java:147) ­ Automatic session close at end of transaction: disabled
2010-11-24 02:25:24,292 [main] INFO (SettingsFactory.java:154) ­ JDBC batch size: 15
2010-11-24 02:25:24,292 [main] INFO (SettingsFactory.java:157) ­ JDBC batch updates for versioned data: disabled
2010-11-24 02:25:24,293 [main] INFO (SettingsFactory.java:162) ­ Scrollable result sets: enabled
2010-11-24 02:25:24,294 [main] INFO (SettingsFactory.java:170) ­ JDBC3 getGeneratedKeys(): enabled
2010-11-24 02:25:24,294 [main] INFO (SettingsFactory.java:178) ­ Connection release mode: auto
2010-11-24 02:25:24,295 [main] INFO (SettingsFactory.java:202) ­ Maximum outer join fetch depth: 2
2010-11-24 02:25:24,296 [main] INFO (SettingsFactory.java:205) ­ Default batch fetch size: 1
2010-11-24 02:25:24,296 [main] INFO (SettingsFactory.java:209) ­ Generate SQL with comments: disabled
2010-11-24 02:25:24,296 [main] INFO (SettingsFactory.java:213) ­ Order SQL updates by primary key: disabled
2010-11-24 02:25:24,297 [main] INFO (SettingsFactory.java:217) ­ Order SQL inserts for batching: disabled
2010-11-24 02:25:24,297 [main] INFO (SettingsFactory.java:386) ­ Query translator: org.hibernate.hql.ast.ASTQueryTranslatorFactory
2010-11-24 02:25:24,300 [main] INFO (ASTQueryTranslatorFactory.java:24) ­ Using ASTQueryTranslatorFactory
2010-11-24 02:25:24,300 [main] INFO (SettingsFactory.java:225) ­ Query language substitutions: {}
2010-11-24 02:25:24,301 [main] INFO (SettingsFactory.java:230) ­ JPA-QL strict compliance: disabled
2010-11-24 02:25:24,301 [main] INFO (SettingsFactory.java:235) ­ Second-level cache: enabled
2010-11-24 02:25:24,302 [main] INFO (SettingsFactory.java:239) ­ Query cache: disabled
2010-11-24 02:25:24,302 [main] INFO (SettingsFactory.java:373) ­ Cache provider: org.hibernate.cache.EhCacheProvider
2010-11-24 02:25:24,332 [main] INFO (SettingsFactory.java:254) ­ Optimize cache for minimal puts: disabled
2010-11-24 02:25:24,333 [main] INFO (SettingsFactory.java:263) ­ Structured second-level cache entries: disabled
2010-11-24 02:25:24,338 [main] INFO (SettingsFactory.java:283) ­ Echoing all SQL to stdout
2010-11-24 02:25:24,339 [main] INFO (SettingsFactory.java:290) ­ Statistics: disabled
2010-11-24 02:25:24,339 [main] INFO (SettingsFactory.java:294) ­ Deleted entity synthetic identifier rollback: disabled
2010-11-24 02:25:24,340 [main] INFO (SettingsFactory.java:309) ­ Default entity-mode: pojo
2010-11-24 02:25:24,340 [main] INFO (SettingsFactory.java:313) ­ Named query checking : enabled
2010-11-24 02:25:24,413 [main] INFO (SessionFactoryImpl.java:161) ­ building session factory
2010-11-24 02:25:27,291 [main] WARN (EhCacheProvider.java:86) ­ Could not find configuration [com.googlecode.projecttemplate.pos.model.Person]; using defaults.
2010-11-24 02:25:27,323 [main] WARN (CacheFactory.java:43) ­ read-only cache configured for mutable class: com.googlecode.projecttemplate.pos.model.Menu
2010-11-24 02:25:27,324 [main] WARN (EhCacheProvider.java:86) ­ Could not find configuration [com.googlecode.projecttemplate.pos.model.Menu]; using defaults.
2010-11-24 02:25:27,537 [main] INFO (SessionFactoryObjectFactory.java:82) ­ Not binding factory to JNDI, no JNDI name configured
2010-11-24 02:25:28,130 [main] INFO (HibernateTransactionManager.java:421) ­ Using DataSource [org.springframework.jdbc.datasource.DriverManagerDataSource@605b28c9] of Hibernate SessionFactory for HibernateTransactionManager
2010-11-24 02:25:29,153 [main] INFO (SimpleHttpServerFactoryBean.java:175) ­ Starting HttpServer at address 0.0.0.0/0.0.0.0:9090
2010-11-24 02:26:54,944 [AWT-EventQueue-0] INFO (AbstractApplicationContext.java:411) ­ Refreshing org.springframework.context.support.ClassPathXmlApplicationContext@3f77b3cd: display name [org.springframework.context.support.ClassPathXmlApplicationContext@3f77b3cd]; startup date [Wed Nov 24 02:26:54 SGT 2010]; root of context hierarchy
2010-11-24 02:26:55,097 [AWT-EventQueue-0] INFO (XmlBeanDefinitionReader.java:323) ­ Loading XML bean definitions from class path resource [clientContext.xml]
2010-11-24 02:26:59,023 [AWT-EventQueue-0] INFO (DefaultListableBeanFactory.java:467) ­ Overriding bean definition for bean 'personService': replacing [Generic bean: class [com.googlecode.projecttemplate.pos.service.impl.PersonServiceImpl]; scope=singleton; abstract=false; lazyInit=false; autowireMode=0; dependencyCheck=0; autowireCandidate=true; primary=false; factoryBeanName=null; factoryMethodName=null; initMethodName=null; destroyMethodName=null; defined in file [/Users/ifnu/NetBeansProjects/project-template/java-desktop-book/code/build/classes/com/googlecode/projecttemplate/pos/service/impl/PersonServiceImpl.class]] with [Generic bean: class [org.springframework.remoting.httpinvoker.HttpInvokerProxyFactoryBean]; scope=singleton; abstract=false; lazyInit=false; autowireMode=0; dependencyCheck=0; autowireCandidate=true; primary=false; factoryBeanName=null; factoryMethodName=null; initMethodName=null; destroyMethodName=null; defined in class path resource [clientContext.xml]]
2010-11-24 02:26:59,025 [AWT-EventQueue-0] INFO (DefaultListableBeanFactory.java:467) ­ Overriding bean definition for bean 'productService': replacing [Generic bean: class [com.googlecode.projecttemplate.pos.service.impl.ProductServiceImpl]; scope=singleton; abstract=false; lazyInit=false; autowireMode=0; dependencyCheck=0; autowireCandidate=true; primary=false; factoryBeanName=null; factoryMethodName=null; initMethodName=null; destroyMethodName=null; defined in file [/Users/ifnu/NetBeansProjects/project-template/java-desktop-book/code/build/classes/com/googlecode/projecttemplate/pos/service/impl/ProductServiceImpl.class]] with [Generic bean: class [org.springframework.remoting.httpinvoker.HttpInvokerProxyFactoryBean]; scope=singleton; abstract=false; lazyInit=false; autowireMode=0; dependencyCheck=0; autowireCandidate=true; primary=false; factoryBeanName=null; factoryMethodName=null; initMethodName=null; destroyMethodName=null; defined in class path resource [clientContext.xml]]
2010-11-24 02:26:59,056 [AWT-EventQueue-0] INFO (DefaultListableBeanFactory.java:467) ­ Overriding bean definition for bean 'purchaseService': replacing [Generic bean: class [com.googlecode.projecttemplate.pos.service.impl.PurchaseServiceImpl]; scope=singleton; abstract=false; lazyInit=false; autowireMode=0; dependencyCheck=0; autowireCandidate=true; primary=false; factoryBeanName=null; factoryMethodName=null; initMethodName=null; destroyMethodName=null; defined in file [/Users/ifnu/NetBeansProjects/project-template/java-desktop-book/code/build/classes/com/googlecode/projecttemplate/pos/service/impl/PurchaseServiceImpl.class]] with [Generic bean: class [org.springframework.remoting.httpinvoker.HttpInvokerProxyFactoryBean]; scope=singleton; abstract=false; lazyInit=false; autowireMode=0; dependencyCheck=0; autowireCandidate=true; primary=false; factoryBeanName=null; factoryMethodName=null; initMethodName=null; destroyMethodName=null; defined in class path resource [clientContext.xml]]
2010-11-24 02:26:59,058 [AWT-EventQueue-0] INFO (DefaultListableBeanFactory.java:467) ­ Overriding bean definition for bean 'reportService': replacing [Generic bean: class [com.googlecode.projecttemplate.pos.service.impl.ReportServiceImpl]; scope=singleton; abstract=false; lazyInit=false; autowireMode=0; dependencyCheck=0; autowireCandidate=true; primary=false; factoryBeanName=null; factoryMethodName=null; initMethodName=null; destroyMethodName=null; defined in file [/Users/ifnu/NetBeansProjects/project-template/java-desktop-book/code/build/classes/com/googlecode/projecttemplate/pos/service/impl/ReportServiceImpl.class]] with [Generic bean: class [org.springframework.remoting.httpinvoker.HttpInvokerProxyFactoryBean]; scope=singleton; abstract=false; lazyInit=false; autowireMode=0; dependencyCheck=0; autowireCandidate=true; primary=false; factoryBeanName=null; factoryMethodName=null; initMethodName=null; destroyMethodName=null; defined in class path resource [clientContext.xml]]
2010-11-24 02:26:59,261 [AWT-EventQueue-0] INFO (DefaultListableBeanFactory.java:467) ­ Overriding bean definition for bean 'salesService': replacing [Generic bean: class [com.googlecode.projecttemplate.pos.service.impl.SalesServiceImpl]; scope=singleton; abstract=false; lazyInit=false; autowireMode=0; dependencyCheck=0; autowireCandidate=true; primary=false; factoryBeanName=null; factoryMethodName=null; initMethodName=null; destroyMethodName=null; defined in file [/Users/ifnu/NetBeansProjects/project-template/java-desktop-book/code/build/classes/com/googlecode/projecttemplate/pos/service/impl/SalesServiceImpl.class]] with [Generic bean: class [org.springframework.remoting.httpinvoker.HttpInvokerProxyFactoryBean]; scope=singleton; abstract=false; lazyInit=false; autowireMode=0; dependencyCheck=0; autowireCandidate=true; primary=false; factoryBeanName=null; factoryMethodName=null; initMethodName=null; destroyMethodName=null; defined in class path resource [clientContext.xml]]
2010-11-24 02:26:59,262 [AWT-EventQueue-0] INFO (DefaultListableBeanFactory.java:467) ­ Overriding bean definition for bean 'securityService': replacing [Generic bean: class [com.googlecode.projecttemplate.pos.service.impl.SecurityServiceImpl]; scope=singleton; abstract=false; lazyInit=false; autowireMode=0; dependencyCheck=0; autowireCandidate=true; primary=false; factoryBeanName=null; factoryMethodName=null; initMethodName=null; destroyMethodName=null; defined in file [/Users/ifnu/NetBeansProjects/project-template/java-desktop-book/code/build/classes/com/googlecode/projecttemplate/pos/service/impl/SecurityServiceImpl.class]] with [Generic bean: class [org.springframework.remoting.httpinvoker.HttpInvokerProxyFactoryBean]; scope=singleton; abstract=false; lazyInit=false; autowireMode=0; dependencyCheck=0; autowireCandidate=true; primary=false; factoryBeanName=null; factoryMethodName=null; initMethodName=null; destroyMethodName=null; defined in class path resource [clientContext.xml]]
2010-11-24 02:26:59,263 [AWT-EventQueue-0] INFO (AbstractApplicationContext.java:426) ­ Bean factory for application context [org.springframework.context.support.ClassPathXmlApplicationContext@3f77b3cd]: org.springframework.beans.factory.support.DefaultListableBeanFactory@7ba85d38
2010-11-24 02:26:59,505 [AWT-EventQueue-0] INFO (PropertiesLoaderSupport.java:178) ­ Loading properties file from class path resource [server.properties]
2010-11-24 02:26:59,535 [AWT-EventQueue-0] INFO (DefaultListableBeanFactory.java:414) ­ Pre-instantiating singletons in org.springframework.beans.factory.support.DefaultListableBeanFactory@7ba85d38: defining beans [org.springframework.beans.factory.config.PropertyPlaceholderConfigurer#0,menuDao,personDao,productDao,purchaseDao,roleDao,salesDao,personService,productService,purchaseService,reportService,salesService,securityService,org.springframework.context.annotation.internalPersistenceAnnotationProcessor,org.springframework.context.annotation.internalCommonAnnotationProcessor,org.springframework.context.annotation.internalAutowiredAnnotationProcessor,org.springframework.context.annotation.internalRequiredAnnotationProcessor]; root of factory hierarchy
2010-11-24 02:27:00,084 [AWT-EventQueue-0] INFO (DefaultSingletonBeanRegistry.java:421) ­ Destroying singletons in org.springframework.beans.factory.support.DefaultListableBeanFactory@7ba85d38: defining beans [org.springframework.beans.factory.config.PropertyPlaceholderConfigurer#0,menuDao,personDao,productDao,purchaseDao,roleDao,salesDao,personService,productService,purchaseService,reportService,salesService,securityService,org.springframework.context.annotation.internalPersistenceAnnotationProcessor,org.springframework.context.annotation.internalCommonAnnotationProcessor,org.springframework.context.annotation.internalAutowiredAnnotationProcessor,org.springframework.context.annotation.internalRequiredAnnotationProcessor]; root of factory hierarchy
2010-11-24 02:28:01,620 [AWT-EventQueue-0] INFO (AbstractApplicationContext.java:411) ­ Refreshing org.springframework.context.support.ClassPathXmlApplicationContext@4bbd7848: display name [org.springframework.context.support.ClassPathXmlApplicationContext@4bbd7848]; startup date [Wed Nov 24 02:28:01 SGT 2010]; root of context hierarchy
2010-11-24 02:28:01,729 [AWT-EventQueue-0] INFO (XmlBeanDefinitionReader.java:323) ­ Loading XML bean definitions from class path resource [clientContext.xml]
2010-11-24 02:28:02,468 [AWT-EventQueue-0] INFO (AbstractApplicationContext.java:426) ­ Bean factory for application context [org.springframework.context.support.ClassPathXmlApplicationContext@4bbd7848]: org.springframework.beans.factory.support.DefaultListableBeanFactory@496614e7
2010-11-24 02:28:02,929 [AWT-EventQueue-0] INFO (PropertiesLoaderSupport.java:178) ­ Loading properties file from class path resource [server.properties]
2010-11-24 02:28:02,938 [AWT-EventQueue-0] INFO (DefaultListableBeanFactory.java:414) ­ Pre-instantiating singletons in org.springframework.beans.factory.support.DefaultListableBeanFactory@496614e7: defining beans [org.springframework.beans.factory.config.PropertyPlaceholderConfigurer#0,personService,productService,purchaseService,reportService,salesService,securityService]; root of factory hierarchy
2010-11-24 02:38:43,531 [Thread-4] INFO (AbstractApplicationContext.java:815) ­ Closing org.springframework.context.support.ClassPathXmlApplicationContext@4ee1d5ea: display name [org.springframework.context.support.ClassPathXmlApplicationContext@4ee1d5ea]; startup date [Wed Nov 24 02:25:18 SGT 2010]; root of context hierarchy
2010-11-24 02:38:43,551 [Thread-4] INFO (DefaultSingletonBeanRegistry.java:421) ­ Destroying singletons in org.springframework.beans.factory.support.DefaultListableBeanFactory@286e4365: defining beans [org.springframework.beans.factory.config.PropertyPlaceholderConfigurer#0,menuDao,personDao,productDao,purchaseDao,roleDao,salesDao,personService,productService,purchaseService,reportService,salesService,securityService,org.springframework.context.annotation.internalPersistenceAnnotationProcessor,org.springframework.context.annotation.internalCommonAnnotationProcessor,org.springframework.context.annotation.internalAutowiredAnnotationProcessor,org.springframework.context.annotation.internalRequiredAnnotationProcessor,org.springframework.aop.config.internalAutoProxyCreator,org.springframework.transaction.annotation.AnnotationTransactionAttributeSource#0,org.springframework.transaction.interceptor.TransactionInterceptor#0,org.springframework.transaction.config.internalTransactionAdvisor,dataSource,sessionFactory,transactionManager,org.springframework.beans.factory.config.PropertyPlaceholderConfigurer#1,org.springframework.remoting.support.SimpleHttpServerFactoryBean#0,personServiceHttpInvoker,productServiceHttpInvoker,purchaseServiceHttpInvoker,reportServiceHttpInvoker,salesServiceHttpInvoker,securityServiceHttpInvoker]; root of factory hierarchy
2010-11-24 02:38:43,588 [Thread-4] INFO (SimpleHttpServerFactoryBean.java:193) ­ Stopping HttpServer
2010-11-24 02:38:43,663 [Thread-4] INFO (AbstractSessionFactoryBean.java:246) ­ Closing Hibernate SessionFactory
2010-11-24 02:38:43,663 [Thread-4] INFO (SessionFactoryImpl.java:769) ­ closing
